Thresh = 0.3
Overall performance
Accuracy:   23186313/23760000=0.9758549242424243
True Pos:   232333.0/591968.0=0.3924756067895562
False Pos:  214052.0/23168032.0=0.009239110166974908
True Neg:   22953980.0/23168032.0=0.9907608898330251
False Neg:  359635.0/591968.0=0.6075243932104438
Hold performance
Accuracy:   11480872/11880000=0.966403367003367
True Pos:   230829.0/447125.0=0.516251607492312
False Pos:  182832.0/11432875.0=0.015991778096060703
True Neg:   11250043.0/11432875.0=0.9840082219039393
False Neg:  216296.0/447125.0=0.48374839250768803
Press performance
Accuracy:   11705441/11880000=0.9853064814814815
True Pos:   1504.0/144843.0=0.01038365678700386
False Pos:  31220.0/11735157.0=0.0026603819616559028
True Neg:   11703937.0/11735157.0=0.9973396180383441
False Neg:  143339.0/144843.0=0.9896163432129962

Thresh = 0.6
Overall performance
Accuracy:	23228846/23760000=0.9776450336700336
True Pos:	206048.0/597854.0=0.3446460172550489
False Pos:	139348.0/23162146.0=0.006016195563226309
True Neg:	23022798.0/23162146.0=0.9939838044367737
False Neg:	391806.0/597854.0=0.6553539827449512
Hold performance
Accuracy:	11499172/11880000=0.967943771043771
True Pos:	205795.0/452326.0=0.45497053010439376
False Pos:	134297.0/11427674.0=0.01175191031875778
True Neg:	11293377.0/11427674.0=0.9882480896812422
False Neg:	246531.0/452326.0=0.5450294698956063
Press performance
Accuracy:	11729674/11880000=0.9873462962962963
True Pos:	253.0/145528.0=0.0017384970589852124
False Pos:	5051.0/11734472.0=0.0004304411821852743
True Neg:	11729421.0/11734472.0=0.9995695588178147
False Neg:	145275.0/145528.0=0.9982615029410148

Thresh = 0.9
Overall Performance
Accuracy:	23215986/23760000=0.9771037878787879
True Pos:	115861.0/592152.0=0.19566091138761668
False Pos:	67723.0/23167848.0=0.002923145904617468
True Neg:	23100125.0/23167848.0=0.9970768540953825
False Neg:	476291.0/592152.0=0.8043390886123833
Hold performance
Accuracy:	11481345/11880000=0.9664431818181818
True Pos:	115806.0/447280.0=0.2589116437131104
False Pos:	67181.0/11432720.0=0.005876204437789082
True Neg:	11365539.0/11432720.0=0.9941237955622109
False Neg:	331474.0/447280.0=0.7410883562868896
Press performance
Accuracy:	11734641/11880000=0.987764393939394
True Pos:	55.0/144872.0=0.0003796454801479927
False Pos:	542.0/11735128.0=4.618611744158223e-05
True Neg:	11734586.0/11735128.0=0.9999538138825584
False Neg:	144817.0/144872.0=0.999620354519852
